<?xml version="1.0" encoding="UTF-8"?>
<!-- Generated by org.testng.reporters.JUnitReportReporter -->
<testsuite hostname="DESKTOP-4F71TNA" failures="0" tests="4" name="com.test.Ecommerce" time="92.019" errors="0" timestamp="2023-07-31T19:30:42 IST" skipped="0">
  <testcase classname="com.test.Ecommerce" name="LaunchChrome" time="2.014"/>
  <system-out/>
  <testcase classname="com.test.Ecommerce" name="LaunchFirefox" time="6.004"/>
  <system-out/>
  <testcase classname="com.test.Ecommerce" name="chromeTest" time="44.376"/>
  <system-out/>
  <testcase classname="com.test.Ecommerce" name="firefoxTest" time="39.625"/>
  <system-out/>
</testsuite> <!-- com.test.Ecommerce -->
